{"synthetic": false,
 "schemaVersion": "2025-09-10",
 "outputs": null,
 "log":
 [{"message":
   ".> ELAN=elan ELAN_HOME=/home/pierre/.elan ELAN_TOOLCHAIN=leanprover/lean4:v4.26.0-rc2 LAKE=/home/pierre/.elan/toolchains/leanprover--lean4---v4.26.0-rc2/bin/lake LAKE_HOME=/home/pierre/.elan/toolchains/leanprover--lean4---v4.26.0-rc2 LAKE_PKG_URL_MAP={} LAKE_NO_CACHE=false LAKE_ARTIFACT_CACHE=false LAKE_CACHE_KEY= LAKE_CACHE_ARTIFACT_ENDPOINT= LAKE_CACHE_REVISION_ENDPOINT= LEAN=/home/pierre/.elan/toolchains/leanprover--lean4---v4.26.0-rc2/bin/lean LEAN_SYSROOT=/home/pierre/.elan/toolchains/leanprover--lean4---v4.26.0-rc2 LEAN_AR=/home/pierre/.elan/toolchains/leanprover--lean4---v4.26.0-rc2/bin/llvm-ar LEAN_CC= LAKE_CACHE_DIR=/home/pierre/.elan/toolchains/leanprover--lean4---v4.26.0-rc2/lake/cache LEAN_PATH=/home/pierre/git/software/provenance-lean-anonymous/.lake/packages/batteries/.lake/build/lib/lean:/home/pierre/git/software/provenance-lean-anonymous/.lake/packages/Qq/.lake/build/lib/lean:/home/pierre/git/software/provenance-lean-anonymous/.lake/packages/aesop/.lake/build/lib/lean:/home/pierre/git/software/provenance-lean-anonymous/.lake/packages/proofwidgets/.lake/build/lib/lean:/home/pierre/git/software/provenance-lean-anonymous/.lake/packages/importGraph/.lake/build/lib/lean:/home/pierre/git/software/provenance-lean-anonymous/.lake/packages/LeanSearchClient/.lake/build/lib/lean:/home/pierre/git/software/provenance-lean-anonymous/.lake/packages/plausible/.lake/build/lib/lean:/home/pierre/git/software/provenance-lean-anonymous/.lake/packages/mathlib/.lake/build/lib/lean:/home/pierre/git/software/provenance-lean-anonymous/.lake/packages/MD4Lean/.lake/build/lib/lean:/home/pierre/git/software/provenance-lean-anonymous/.lake/packages/BibtexQuery/.lake/build/lib/lean:/home/pierre/git/software/provenance-lean-anonymous/.lake/packages/UnicodeBasic/.lake/build/lib/lean:/home/pierre/git/software/provenance-lean-anonymous/.lake/packages/Cli/.lake/build/lib/lean:/home/pierre/git/software/provenance-lean-anonymous/.lake/build/lib/lean:/home/pierre/git/software/provenance-lean-anonymous/.lake/packages/doc-gen4/.lake/build/lib/lean:/home/pierre/git/software/provenance-lean-anonymous/docbuild/.lake/build/lib/lean:/home/pierre/.elan/toolchains/leanprover--lean4---v4.26.0-rc2/lib/lean LEAN_SRC_PATH=/home/pierre/git/software/provenance-lean-anonymous/.lake/packages/batteries:/home/pierre/git/software/provenance-lean-anonymous/.lake/packages/batteries:/home/pierre/git/software/provenance-lean-anonymous/.lake/packages/Qq:/home/pierre/git/software/provenance-lean-anonymous/.lake/packages/Qq:/home/pierre/git/software/provenance-lean-anonymous/.lake/packages/aesop:/home/pierre/git/software/provenance-lean-anonymous/.lake/packages/aesop:/home/pierre/git/software/provenance-lean-anonymous/.lake/packages/proofwidgets:/home/pierre/git/software/provenance-lean-anonymous/.lake/packages/proofwidgets:/home/pierre/git/software/provenance-lean-anonymous/.lake/packages/importGraph:/home/pierre/git/software/provenance-lean-anonymous/.lake/packages/importGraph:/home/pierre/git/software/provenance-lean-anonymous/.lake/packages/LeanSearchClient:/home/pierre/git/software/provenance-lean-anonymous/.lake/packages/LeanSearchClient:/home/pierre/git/software/provenance-lean-anonymous/.lake/packages/plausible:/home/pierre/git/software/provenance-lean-anonymous/.lake/packages/plausible:/home/pierre/git/software/provenance-lean-anonymous/.lake/packages/mathlib:/home/pierre/git/software/provenance-lean-anonymous/.lake/packages/mathlib:/home/pierre/git/software/provenance-lean-anonymous/.lake/packages/mathlib:/home/pierre/git/software/provenance-lean-anonymous/.lake/packages/mathlib:/home/pierre/git/software/provenance-lean-anonymous/.lake/packages/mathlib:/home/pierre/git/software/provenance-lean-anonymous/.lake/packages/mathlib:/home/pierre/git/software/provenance-lean-anonymous/.lake/packages/mathlib:/home/pierre/git/software/provenance-lean-anonymous/.lake/packages/MD4Lean:/home/pierre/git/software/provenance-lean-anonymous/.lake/packages/MD4Lean:/home/pierre/git/software/provenance-lean-anonymous/.lake/packages/BibtexQuery:/home/pierre/git/software/provenance-lean-anonymous/.lake/packages/UnicodeBasic:/home/pierre/git/software/provenance-lean-anonymous/.lake/packages/UnicodeBasic:/home/pierre/git/software/provenance-lean-anonymous/.lake/packages/Cli:/home/pierre/git/software/provenance-lean-anonymous/.lake/packages/Cli:/home/pierre/git/software/provenance-lean-anonymous:/home/pierre/git/software/provenance-lean-anonymous/.lake/packages/doc-gen4:/home/pierre/.elan/toolchains/leanprover--lean4---v4.26.0-rc2/src/lean/lake LEAN_GITHASH=9d4ad1273f6cea397c3066c2c83062a4410d16bf PATH LD_LIBRARY_PATH=/home/pierre/.elan/toolchains/leanprover--lean4---v4.26.0-rc2/lib/lean:/home/pierre/.elan/toolchains/leanprover--lean4---v4.26.0-rc2/lib:/home/pierre/git/software/provenance-lean-anonymous/docbuild/.lake/build/lib:/home/pierre/git/software/provenance-lean-anonymous/.lake/packages/doc-gen4/.lake/build/lib:/home/pierre/git/software/provenance-lean-anonymous/.lake/build/lib:/home/pierre/git/software/provenance-lean-anonymous/.lake/packages/Cli/.lake/build/lib:/home/pierre/git/software/provenance-lean-anonymous/.lake/packages/UnicodeBasic/.lake/build/lib:/home/pierre/git/software/provenance-lean-anonymous/.lake/packages/BibtexQuery/.lake/build/lib:/home/pierre/git/software/provenance-lean-anonymous/.lake/packages/MD4Lean/.lake/build/lib:/home/pierre/git/software/provenance-lean-anonymous/.lake/packages/mathlib/.lake/build/lib:/home/pierre/git/software/provenance-lean-anonymous/.lake/packages/plausible/.lake/build/lib:/home/pierre/git/software/provenance-lean-anonymous/.lake/packages/LeanSearchClient/.lake/build/lib:/home/pierre/git/software/provenance-lean-anonymous/.lake/packages/importGraph/.lake/build/lib:/home/pierre/git/software/provenance-lean-anonymous/.lake/packages/proofwidgets/.lake/build/lib:/home/pierre/git/software/provenance-lean-anonymous/.lake/packages/aesop/.lake/build/lib:/home/pierre/git/software/provenance-lean-anonymous/.lake/packages/Qq/.lake/build/lib:/home/pierre/git/software/provenance-lean-anonymous/.lake/packages/batteries/.lake/build/lib /home/pierre/git/software/provenance-lean-anonymous/.lake/packages/doc-gen4/.lake/build/bin/doc-gen4 single --build /home/pierre/git/software/provenance-lean-anonymous/docbuild/.lake/build Mathlib.Algebra.BigOperators.Ring.Finset https://github.com/leanprover-community/mathlib4/blob/e2e5306e7ec001e7684131ffab7bd26b0cce14b5/Mathlib/Algebra/BigOperators/Ring/Finset.lean",
   "level": "trace"}],
 "inputs":
 [["<collection>",
   [["/home/pierre/git/software/provenance-lean-anonymous/docbuild/.lake/build/doc/Mathlib/Algebra/BigOperators/Group/Finset/Pi.html",
     "cd6443bd09989083"],
    ["/home/pierre/git/software/provenance-lean-anonymous/docbuild/.lake/build/doc/Mathlib/Algebra/BigOperators/Group/Finset/Piecewise.html",
     "a2bdf67c646d36e1"],
    ["/home/pierre/git/software/provenance-lean-anonymous/docbuild/.lake/build/doc/Mathlib/Algebra/BigOperators/GroupWithZero/Finset.html",
     "751c3525c250d7ae"],
    ["/home/pierre/git/software/provenance-lean-anonymous/docbuild/.lake/build/doc/Mathlib/Algebra/BigOperators/Ring/Multiset.html",
     "630a211d84a89d86"],
    ["/home/pierre/git/software/provenance-lean-anonymous/docbuild/.lake/build/doc/Mathlib/Data/Finset/Max.html",
     "69c5e0ce10c12a43"],
    ["/home/pierre/git/software/provenance-lean-anonymous/docbuild/.lake/build/doc/Mathlib/Data/Fintype/Powerset.html",
     "8737035211d13b62"],
    ["/home/pierre/git/software/provenance-lean-anonymous/docbuild/.lake/build/doc/Mathlib/Data/Int/Cast/Lemmas.html",
     "d33c02485821d958"]]],
  ["/home/pierre/git/software/provenance-lean-anonymous/docbuild/.lake/build/doc-data/references.json",
   "4fee8c6c6dc01462"],
  ["/home/pierre/git/software/provenance-lean-anonymous/.lake/packages/doc-gen4/.lake/build/bin/doc-gen4",
   "0bfc8d20d58b8b1e"],
  ["Mathlib.Algebra.BigOperators.Ring.Finset:leanArts", "a3716ae405aacfd0"]],
 "depHash": "72895d424305175e"}