{"synthetic": false,
 "schemaVersion": "2025-09-10",
 "outputs": null,
 "log":
 [{"message":
   ".> ELAN=elan ELAN_HOME=/home/pierre/.elan ELAN_TOOLCHAIN=leanprover/lean4:v4.26.0-rc2 LAKE=/home/pierre/.elan/toolchains/leanprover--lean4---v4.26.0-rc2/bin/lake LAKE_HOME=/home/pierre/.elan/toolchains/leanprover--lean4---v4.26.0-rc2 LAKE_PKG_URL_MAP={} LAKE_NO_CACHE=false LAKE_ARTIFACT_CACHE=false LAKE_CACHE_KEY= LAKE_CACHE_ARTIFACT_ENDPOINT= LAKE_CACHE_REVISION_ENDPOINT= LEAN=/home/pierre/.elan/toolchains/leanprover--lean4---v4.26.0-rc2/bin/lean LEAN_SYSROOT=/home/pierre/.elan/toolchains/leanprover--lean4---v4.26.0-rc2 LEAN_AR=/home/pierre/.elan/toolchains/leanprover--lean4---v4.26.0-rc2/bin/llvm-ar LEAN_CC= LAKE_CACHE_DIR=/home/pierre/.elan/toolchains/leanprover--lean4---v4.26.0-rc2/lake/cache LEAN_PATH=/home/pierre/git/software/provenance-lean-anonymous/.lake/packages/batteries/.lake/build/lib/lean:/home/pierre/git/software/provenance-lean-anonymous/.lake/packages/Qq/.lake/build/lib/lean:/home/pierre/git/software/provenance-lean-anonymous/.lake/packages/aesop/.lake/build/lib/lean:/home/pierre/git/software/provenance-lean-anonymous/.lake/packages/proofwidgets/.lake/build/lib/lean:/home/pierre/git/software/provenance-lean-anonymous/.lake/packages/importGraph/.lake/build/lib/lean:/home/pierre/git/software/provenance-lean-anonymous/.lake/packages/LeanSearchClient/.lake/build/lib/lean:/home/pierre/git/software/provenance-lean-anonymous/.lake/packages/plausible/.lake/build/lib/lean:/home/pierre/git/software/provenance-lean-anonymous/.lake/packages/mathlib/.lake/build/lib/lean:/home/pierre/git/software/provenance-lean-anonymous/.lake/packages/MD4Lean/.lake/build/lib/lean:/home/pierre/git/software/provenance-lean-anonymous/.lake/packages/BibtexQuery/.lake/build/lib/lean:/home/pierre/git/software/provenance-lean-anonymous/.lake/packages/UnicodeBasic/.lake/build/lib/lean:/home/pierre/git/software/provenance-lean-anonymous/.lake/packages/Cli/.lake/build/lib/lean:/home/pierre/git/software/provenance-lean-anonymous/.lake/build/lib/lean:/home/pierre/git/software/provenance-lean-anonymous/.lake/packages/doc-gen4/.lake/build/lib/lean:/home/pierre/git/software/provenance-lean-anonymous/docbuild/.lake/build/lib/lean:/home/pierre/.elan/toolchains/leanprover--lean4---v4.26.0-rc2/lib/lean LEAN_SRC_PATH=/home/pierre/git/software/provenance-lean-anonymous/.lake/packages/batteries:/home/pierre/git/software/provenance-lean-anonymous/.lake/packages/batteries:/home/pierre/git/software/provenance-lean-anonymous/.lake/packages/Qq:/home/pierre/git/software/provenance-lean-anonymous/.lake/packages/Qq:/home/pierre/git/software/provenance-lean-anonymous/.lake/packages/aesop:/home/pierre/git/software/provenance-lean-anonymous/.lake/packages/aesop:/home/pierre/git/software/provenance-lean-anonymous/.lake/packages/proofwidgets:/home/pierre/git/software/provenance-lean-anonymous/.lake/packages/proofwidgets:/home/pierre/git/software/provenance-lean-anonymous/.lake/packages/importGraph:/home/pierre/git/software/provenance-lean-anonymous/.lake/packages/importGraph:/home/pierre/git/software/provenance-lean-anonymous/.lake/packages/LeanSearchClient:/home/pierre/git/software/provenance-lean-anonymous/.lake/packages/LeanSearchClient:/home/pierre/git/software/provenance-lean-anonymous/.lake/packages/plausible:/home/pierre/git/software/provenance-lean-anonymous/.lake/packages/plausible:/home/pierre/git/software/provenance-lean-anonymous/.lake/packages/mathlib:/home/pierre/git/software/provenance-lean-anonymous/.lake/packages/mathlib:/home/pierre/git/software/provenance-lean-anonymous/.lake/packages/mathlib:/home/pierre/git/software/provenance-lean-anonymous/.lake/packages/mathlib:/home/pierre/git/software/provenance-lean-anonymous/.lake/packages/mathlib:/home/pierre/git/software/provenance-lean-anonymous/.lake/packages/mathlib:/home/pierre/git/software/provenance-lean-anonymous/.lake/packages/mathlib:/home/pierre/git/software/provenance-lean-anonymous/.lake/packages/MD4Lean:/home/pierre/git/software/provenance-lean-anonymous/.lake/packages/MD4Lean:/home/pierre/git/software/provenance-lean-anonymous/.lake/packages/BibtexQuery:/home/pierre/git/software/provenance-lean-anonymous/.lake/packages/UnicodeBasic:/home/pierre/git/software/provenance-lean-anonymous/.lake/packages/UnicodeBasic:/home/pierre/git/software/provenance-lean-anonymous/.lake/packages/Cli:/home/pierre/git/software/provenance-lean-anonymous/.lake/packages/Cli:/home/pierre/git/software/provenance-lean-anonymous:/home/pierre/git/software/provenance-lean-anonymous/.lake/packages/doc-gen4:/home/pierre/.elan/toolchains/leanprover--lean4---v4.26.0-rc2/src/lean/lake LEAN_GITHASH=9d4ad1273f6cea397c3066c2c83062a4410d16bf PATH LD_LIBRARY_PATH=/home/pierre/.elan/toolchains/leanprover--lean4---v4.26.0-rc2/lib/lean:/home/pierre/.elan/toolchains/leanprover--lean4---v4.26.0-rc2/lib:/home/pierre/git/software/provenance-lean-anonymous/docbuild/.lake/build/lib:/home/pierre/git/software/provenance-lean-anonymous/.lake/packages/doc-gen4/.lake/build/lib:/home/pierre/git/software/provenance-lean-anonymous/.lake/build/lib:/home/pierre/git/software/provenance-lean-anonymous/.lake/packages/Cli/.lake/build/lib:/home/pierre/git/software/provenance-lean-anonymous/.lake/packages/UnicodeBasic/.lake/build/lib:/home/pierre/git/software/provenance-lean-anonymous/.lake/packages/BibtexQuery/.lake/build/lib:/home/pierre/git/software/provenance-lean-anonymous/.lake/packages/MD4Lean/.lake/build/lib:/home/pierre/git/software/provenance-lean-anonymous/.lake/packages/mathlib/.lake/build/lib:/home/pierre/git/software/provenance-lean-anonymous/.lake/packages/plausible/.lake/build/lib:/home/pierre/git/software/provenance-lean-anonymous/.lake/packages/LeanSearchClient/.lake/build/lib:/home/pierre/git/software/provenance-lean-anonymous/.lake/packages/importGraph/.lake/build/lib:/home/pierre/git/software/provenance-lean-anonymous/.lake/packages/proofwidgets/.lake/build/lib:/home/pierre/git/software/provenance-lean-anonymous/.lake/packages/aesop/.lake/build/lib:/home/pierre/git/software/provenance-lean-anonymous/.lake/packages/Qq/.lake/build/lib:/home/pierre/git/software/provenance-lean-anonymous/.lake/packages/batteries/.lake/build/lib /home/pierre/git/software/provenance-lean-anonymous/.lake/packages/doc-gen4/.lake/build/bin/doc-gen4 single --build /home/pierre/git/software/provenance-lean-anonymous/docbuild/.lake/build Provenance https://github.com/AnonymousProvenance/lean/blob/c80a1dad9a6e4155d55377aa680967680517b363/Provenance.lean",
   "level": "trace"}],
 "inputs":
 [["<collection>",
   [["/home/pierre/git/software/provenance-lean-anonymous/docbuild/.lake/build/doc/Provenance/Semirings/Bool.html",
     "aad62ff1add1fb8c"],
    ["/home/pierre/git/software/provenance-lean-anonymous/docbuild/.lake/build/doc/Provenance/Semirings/BoolFunc.html",
     "e48c4062c475c808"],
    ["/home/pierre/git/software/provenance-lean-anonymous/docbuild/.lake/build/doc/Provenance/Semirings/How.html",
     "2e26bdee7742a21e"],
    ["/home/pierre/git/software/provenance-lean-anonymous/docbuild/.lake/build/doc/Provenance/Semirings/Lukasiewicz.html",
     "c721c1a0fb7f5dab"],
    ["/home/pierre/git/software/provenance-lean-anonymous/docbuild/.lake/build/doc/Provenance/Semirings/MinMax.html",
     "8d08738832349394"],
    ["/home/pierre/git/software/provenance-lean-anonymous/docbuild/.lake/build/doc/Provenance/Semirings/Nat.html",
     "c90cba6588274ed1"],
    ["/home/pierre/git/software/provenance-lean-anonymous/docbuild/.lake/build/doc/Provenance/Semirings/Tropical.html",
     "8ae100385e41d06a"],
    ["/home/pierre/git/software/provenance-lean-anonymous/docbuild/.lake/build/doc/Provenance/Semirings/Viterbi.html",
     "1e23928c5e639a00"],
    ["/home/pierre/git/software/provenance-lean-anonymous/docbuild/.lake/build/doc/Provenance/Semirings/Which.html",
     "e57f93e4d013d134"],
    ["/home/pierre/git/software/provenance-lean-anonymous/docbuild/.lake/build/doc/Provenance/Semirings/Why.html",
     "b03898e1bf808a99"]]],
  ["/home/pierre/git/software/provenance-lean-anonymous/docbuild/.lake/build/doc-data/references.json",
   "4fee8c6c6dc01462"],
  ["/home/pierre/git/software/provenance-lean-anonymous/.lake/packages/doc-gen4/.lake/build/bin/doc-gen4",
   "0bfc8d20d58b8b1e"],
  ["Provenance:leanArts", "bf175a70b9e09197"]],
 "depHash": "6c5f8b233583af8b"}