{"synthetic": false,
 "schemaVersion": "2025-09-10",
 "outputs": null,
 "log":
 [{"message":
   ".> ELAN=elan ELAN_HOME=/home/pierre/.elan ELAN_TOOLCHAIN=leanprover/lean4:v4.26.0-rc2 LAKE=/home/pierre/.elan/toolchains/leanprover--lean4---v4.26.0-rc2/bin/lake LAKE_HOME=/home/pierre/.elan/toolchains/leanprover--lean4---v4.26.0-rc2 LAKE_PKG_URL_MAP={} LAKE_NO_CACHE=false LAKE_ARTIFACT_CACHE=false LAKE_CACHE_KEY= LAKE_CACHE_ARTIFACT_ENDPOINT= LAKE_CACHE_REVISION_ENDPOINT= LEAN=/home/pierre/.elan/toolchains/leanprover--lean4---v4.26.0-rc2/bin/lean LEAN_SYSROOT=/home/pierre/.elan/toolchains/leanprover--lean4---v4.26.0-rc2 LEAN_AR=/home/pierre/.elan/toolchains/leanprover--lean4---v4.26.0-rc2/bin/llvm-ar LEAN_CC= LAKE_CACHE_DIR=/home/pierre/.elan/toolchains/leanprover--lean4---v4.26.0-rc2/lake/cache LEAN_PATH=/home/pierre/git/software/provenance-lean-anonymous/.lake/packages/batteries/.lake/build/lib/lean:/home/pierre/git/software/provenance-lean-anonymous/.lake/packages/Qq/.lake/build/lib/lean:/home/pierre/git/software/provenance-lean-anonymous/.lake/packages/aesop/.lake/build/lib/lean:/home/pierre/git/software/provenance-lean-anonymous/.lake/packages/proofwidgets/.lake/build/lib/lean:/home/pierre/git/software/provenance-lean-anonymous/.lake/packages/importGraph/.lake/build/lib/lean:/home/pierre/git/software/provenance-lean-anonymous/.lake/packages/LeanSearchClient/.lake/build/lib/lean:/home/pierre/git/software/provenance-lean-anonymous/.lake/packages/plausible/.lake/build/lib/lean:/home/pierre/git/software/provenance-lean-anonymous/.lake/packages/mathlib/.lake/build/lib/lean:/home/pierre/git/software/provenance-lean-anonymous/.lake/packages/MD4Lean/.lake/build/lib/lean:/home/pierre/git/software/provenance-lean-anonymous/.lake/packages/BibtexQuery/.lake/build/lib/lean:/home/pierre/git/software/provenance-lean-anonymous/.lake/packages/UnicodeBasic/.lake/build/lib/lean:/home/pierre/git/software/provenance-lean-anonymous/.lake/packages/Cli/.lake/build/lib/lean:/home/pierre/git/software/provenance-lean-anonymous/.lake/build/lib/lean:/home/pierre/git/software/provenance-lean-anonymous/.lake/packages/doc-gen4/.lake/build/lib/lean:/home/pierre/git/software/provenance-lean-anonymous/docbuild/.lake/build/lib/lean:/home/pierre/.elan/toolchains/leanprover--lean4---v4.26.0-rc2/lib/lean LEAN_SRC_PATH=/home/pierre/git/software/provenance-lean-anonymous/.lake/packages/batteries:/home/pierre/git/software/provenance-lean-anonymous/.lake/packages/batteries:/home/pierre/git/software/provenance-lean-anonymous/.lake/packages/Qq:/home/pierre/git/software/provenance-lean-anonymous/.lake/packages/Qq:/home/pierre/git/software/provenance-lean-anonymous/.lake/packages/aesop:/home/pierre/git/software/provenance-lean-anonymous/.lake/packages/aesop:/home/pierre/git/software/provenance-lean-anonymous/.lake/packages/proofwidgets:/home/pierre/git/software/provenance-lean-anonymous/.lake/packages/proofwidgets:/home/pierre/git/software/provenance-lean-anonymous/.lake/packages/importGraph:/home/pierre/git/software/provenance-lean-anonymous/.lake/packages/importGraph:/home/pierre/git/software/provenance-lean-anonymous/.lake/packages/LeanSearchClient:/home/pierre/git/software/provenance-lean-anonymous/.lake/packages/LeanSearchClient:/home/pierre/git/software/provenance-lean-anonymous/.lake/packages/plausible:/home/pierre/git/software/provenance-lean-anonymous/.lake/packages/plausible:/home/pierre/git/software/provenance-lean-anonymous/.lake/packages/mathlib:/home/pierre/git/software/provenance-lean-anonymous/.lake/packages/mathlib:/home/pierre/git/software/provenance-lean-anonymous/.lake/packages/mathlib:/home/pierre/git/software/provenance-lean-anonymous/.lake/packages/mathlib:/home/pierre/git/software/provenance-lean-anonymous/.lake/packages/mathlib:/home/pierre/git/software/provenance-lean-anonymous/.lake/packages/mathlib:/home/pierre/git/software/provenance-lean-anonymous/.lake/packages/mathlib:/home/pierre/git/software/provenance-lean-anonymous/.lake/packages/MD4Lean:/home/pierre/git/software/provenance-lean-anonymous/.lake/packages/MD4Lean:/home/pierre/git/software/provenance-lean-anonymous/.lake/packages/BibtexQuery:/home/pierre/git/software/provenance-lean-anonymous/.lake/packages/UnicodeBasic:/home/pierre/git/software/provenance-lean-anonymous/.lake/packages/UnicodeBasic:/home/pierre/git/software/provenance-lean-anonymous/.lake/packages/Cli:/home/pierre/git/software/provenance-lean-anonymous/.lake/packages/Cli:/home/pierre/git/software/provenance-lean-anonymous:/home/pierre/git/software/provenance-lean-anonymous/.lake/packages/doc-gen4:/home/pierre/.elan/toolchains/leanprover--lean4---v4.26.0-rc2/src/lean/lake LEAN_GITHASH=9d4ad1273f6cea397c3066c2c83062a4410d16bf PATH LD_LIBRARY_PATH=/home/pierre/.elan/toolchains/leanprover--lean4---v4.26.0-rc2/lib/lean:/home/pierre/.elan/toolchains/leanprover--lean4---v4.26.0-rc2/lib:/home/pierre/git/software/provenance-lean-anonymous/docbuild/.lake/build/lib:/home/pierre/git/software/provenance-lean-anonymous/.lake/packages/doc-gen4/.lake/build/lib:/home/pierre/git/software/provenance-lean-anonymous/.lake/build/lib:/home/pierre/git/software/provenance-lean-anonymous/.lake/packages/Cli/.lake/build/lib:/home/pierre/git/software/provenance-lean-anonymous/.lake/packages/UnicodeBasic/.lake/build/lib:/home/pierre/git/software/provenance-lean-anonymous/.lake/packages/BibtexQuery/.lake/build/lib:/home/pierre/git/software/provenance-lean-anonymous/.lake/packages/MD4Lean/.lake/build/lib:/home/pierre/git/software/provenance-lean-anonymous/.lake/packages/mathlib/.lake/build/lib:/home/pierre/git/software/provenance-lean-anonymous/.lake/packages/plausible/.lake/build/lib:/home/pierre/git/software/provenance-lean-anonymous/.lake/packages/LeanSearchClient/.lake/build/lib:/home/pierre/git/software/provenance-lean-anonymous/.lake/packages/importGraph/.lake/build/lib:/home/pierre/git/software/provenance-lean-anonymous/.lake/packages/proofwidgets/.lake/build/lib:/home/pierre/git/software/provenance-lean-anonymous/.lake/packages/aesop/.lake/build/lib:/home/pierre/git/software/provenance-lean-anonymous/.lake/packages/Qq/.lake/build/lib:/home/pierre/git/software/provenance-lean-anonymous/.lake/packages/batteries/.lake/build/lib /home/pierre/git/software/provenance-lean-anonymous/.lake/packages/doc-gen4/.lake/build/bin/doc-gen4 single --build /home/pierre/git/software/provenance-lean-anonymous/docbuild/.lake/build Mathlib.Tactic.Positivity.Basic https://github.com/leanprover-community/mathlib4/blob/e2e5306e7ec001e7684131ffab7bd26b0cce14b5/Mathlib/Tactic/Positivity/Basic.lean",
   "level": "trace"},
  {"message":
   "stdout:\nWARNING: Failed to calculate equational lemmata for Mathlib.Meta.Positivity.evalPosPart: failed\nWARNING: Failed to calculate equational lemmata for Mathlib.Meta.Positivity.evalNegPart: failed\nWARNING: Failed to calculate equational lemmata for Mathlib.Meta.Positivity.evalNatCast: unquoteExpr: __result.2.1 : Lean.Expr\nWARNING: Failed to calculate equational lemmata for Mathlib.Meta.Positivity.evalIntCast: failed",
   "level": "info"}],
 "inputs":
 [["<collection>",
   [["/home/pierre/git/software/provenance-lean-anonymous/docbuild/.lake/build/doc/Mathlib/Algebra/Order/Group/PosPart.html",
     "3e3a1c9f8da3a7c8"],
    ["/home/pierre/git/software/provenance-lean-anonymous/docbuild/.lake/build/doc/Mathlib/Algebra/Order/Ring/Basic.html",
     "8c16b0aefbaafe20"],
    ["/home/pierre/git/software/provenance-lean-anonymous/docbuild/.lake/build/doc/Mathlib/Algebra/Order/Hom/Basic.html",
     "79a5d7a8e5c7c04b"],
    ["/home/pierre/git/software/provenance-lean-anonymous/docbuild/.lake/build/doc/Mathlib/Data/Int/CharZero.html",
     "53fdf6b4b71ee286"],
    ["/home/pierre/git/software/provenance-lean-anonymous/docbuild/.lake/build/doc/Mathlib/Data/Nat/Factorial/Basic.html",
     "a777835d8c005c1b"],
    ["/home/pierre/git/software/provenance-lean-anonymous/docbuild/.lake/build/doc/Mathlib/Data/NNRat/Defs.html",
     "66d782b0f792b796"],
    ["/home/pierre/git/software/provenance-lean-anonymous/docbuild/.lake/build/doc/Mathlib/Data/PNat/Defs.html",
     "7ce608fa47df154b"],
    ["/home/pierre/git/software/provenance-lean-anonymous/docbuild/.lake/build/doc/Mathlib/Tactic/Positivity/Core.html",
     "d01e56fbd02c819a"],
    ["/home/pierre/git/software/provenance-lean-anonymous/docbuild/.lake/build/doc/Qq.html",
     "1800ad799ba87af5"]]],
  ["/home/pierre/git/software/provenance-lean-anonymous/docbuild/.lake/build/doc-data/references.json",
   "4fee8c6c6dc01462"],
  ["/home/pierre/git/software/provenance-lean-anonymous/.lake/packages/doc-gen4/.lake/build/bin/doc-gen4",
   "0bfc8d20d58b8b1e"],
  ["Mathlib.Tactic.Positivity.Basic:leanArts", "ba7358897bd35833"]],
 "depHash": "ebe5abd61a74fe02"}