{"synthetic": false,
 "schemaVersion": "2025-09-10",
 "outputs": null,
 "log":
 [{"message":
   ".> ELAN=elan ELAN_HOME=/home/pierre/.elan ELAN_TOOLCHAIN=leanprover/lean4:v4.26.0-rc2 LAKE=/home/pierre/.elan/toolchains/leanprover--lean4---v4.26.0-rc2/bin/lake LAKE_HOME=/home/pierre/.elan/toolchains/leanprover--lean4---v4.26.0-rc2 LAKE_PKG_URL_MAP={} LAKE_NO_CACHE=false LAKE_ARTIFACT_CACHE=false LAKE_CACHE_KEY= LAKE_CACHE_ARTIFACT_ENDPOINT= LAKE_CACHE_REVISION_ENDPOINT= LEAN=/home/pierre/.elan/toolchains/leanprover--lean4---v4.26.0-rc2/bin/lean LEAN_SYSROOT=/home/pierre/.elan/toolchains/leanprover--lean4---v4.26.0-rc2 LEAN_AR=/home/pierre/.elan/toolchains/leanprover--lean4---v4.26.0-rc2/bin/llvm-ar LEAN_CC= LAKE_CACHE_DIR=/home/pierre/.elan/toolchains/leanprover--lean4---v4.26.0-rc2/lake/cache LEAN_PATH=/home/pierre/git/software/provenance-lean-anonymous/.lake/packages/batteries/.lake/build/lib/lean:/home/pierre/git/software/provenance-lean-anonymous/.lake/packages/Qq/.lake/build/lib/lean:/home/pierre/git/software/provenance-lean-anonymous/.lake/packages/aesop/.lake/build/lib/lean:/home/pierre/git/software/provenance-lean-anonymous/.lake/packages/proofwidgets/.lake/build/lib/lean:/home/pierre/git/software/provenance-lean-anonymous/.lake/packages/importGraph/.lake/build/lib/lean:/home/pierre/git/software/provenance-lean-anonymous/.lake/packages/LeanSearchClient/.lake/build/lib/lean:/home/pierre/git/software/provenance-lean-anonymous/.lake/packages/plausible/.lake/build/lib/lean:/home/pierre/git/software/provenance-lean-anonymous/.lake/packages/mathlib/.lake/build/lib/lean:/home/pierre/git/software/provenance-lean-anonymous/.lake/packages/MD4Lean/.lake/build/lib/lean:/home/pierre/git/software/provenance-lean-anonymous/.lake/packages/BibtexQuery/.lake/build/lib/lean:/home/pierre/git/software/provenance-lean-anonymous/.lake/packages/UnicodeBasic/.lake/build/lib/lean:/home/pierre/git/software/provenance-lean-anonymous/.lake/packages/Cli/.lake/build/lib/lean:/home/pierre/git/software/provenance-lean-anonymous/.lake/build/lib/lean:/home/pierre/git/software/provenance-lean-anonymous/.lake/packages/doc-gen4/.lake/build/lib/lean:/home/pierre/git/software/provenance-lean-anonymous/docbuild/.lake/build/lib/lean:/home/pierre/.elan/toolchains/leanprover--lean4---v4.26.0-rc2/lib/lean LEAN_SRC_PATH=/home/pierre/git/software/provenance-lean-anonymous/.lake/packages/batteries:/home/pierre/git/software/provenance-lean-anonymous/.lake/packages/batteries:/home/pierre/git/software/provenance-lean-anonymous/.lake/packages/Qq:/home/pierre/git/software/provenance-lean-anonymous/.lake/packages/Qq:/home/pierre/git/software/provenance-lean-anonymous/.lake/packages/aesop:/home/pierre/git/software/provenance-lean-anonymous/.lake/packages/aesop:/home/pierre/git/software/provenance-lean-anonymous/.lake/packages/proofwidgets:/home/pierre/git/software/provenance-lean-anonymous/.lake/packages/proofwidgets:/home/pierre/git/software/provenance-lean-anonymous/.lake/packages/importGraph:/home/pierre/git/software/provenance-lean-anonymous/.lake/packages/importGraph:/home/pierre/git/software/provenance-lean-anonymous/.lake/packages/LeanSearchClient:/home/pierre/git/software/provenance-lean-anonymous/.lake/packages/LeanSearchClient:/home/pierre/git/software/provenance-lean-anonymous/.lake/packages/plausible:/home/pierre/git/software/provenance-lean-anonymous/.lake/packages/plausible:/home/pierre/git/software/provenance-lean-anonymous/.lake/packages/mathlib:/home/pierre/git/software/provenance-lean-anonymous/.lake/packages/mathlib:/home/pierre/git/software/provenance-lean-anonymous/.lake/packages/mathlib:/home/pierre/git/software/provenance-lean-anonymous/.lake/packages/mathlib:/home/pierre/git/software/provenance-lean-anonymous/.lake/packages/mathlib:/home/pierre/git/software/provenance-lean-anonymous/.lake/packages/mathlib:/home/pierre/git/software/provenance-lean-anonymous/.lake/packages/mathlib:/home/pierre/git/software/provenance-lean-anonymous/.lake/packages/MD4Lean:/home/pierre/git/software/provenance-lean-anonymous/.lake/packages/MD4Lean:/home/pierre/git/software/provenance-lean-anonymous/.lake/packages/BibtexQuery:/home/pierre/git/software/provenance-lean-anonymous/.lake/packages/UnicodeBasic:/home/pierre/git/software/provenance-lean-anonymous/.lake/packages/UnicodeBasic:/home/pierre/git/software/provenance-lean-anonymous/.lake/packages/Cli:/home/pierre/git/software/provenance-lean-anonymous/.lake/packages/Cli:/home/pierre/git/software/provenance-lean-anonymous:/home/pierre/git/software/provenance-lean-anonymous/.lake/packages/doc-gen4:/home/pierre/.elan/toolchains/leanprover--lean4---v4.26.0-rc2/src/lean/lake LEAN_GITHASH=9d4ad1273f6cea397c3066c2c83062a4410d16bf PATH LD_LIBRARY_PATH=/home/pierre/.elan/toolchains/leanprover--lean4---v4.26.0-rc2/lib/lean:/home/pierre/.elan/toolchains/leanprover--lean4---v4.26.0-rc2/lib:/home/pierre/git/software/provenance-lean-anonymous/docbuild/.lake/build/lib:/home/pierre/git/software/provenance-lean-anonymous/.lake/packages/doc-gen4/.lake/build/lib:/home/pierre/git/software/provenance-lean-anonymous/.lake/build/lib:/home/pierre/git/software/provenance-lean-anonymous/.lake/packages/Cli/.lake/build/lib:/home/pierre/git/software/provenance-lean-anonymous/.lake/packages/UnicodeBasic/.lake/build/lib:/home/pierre/git/software/provenance-lean-anonymous/.lake/packages/BibtexQuery/.lake/build/lib:/home/pierre/git/software/provenance-lean-anonymous/.lake/packages/MD4Lean/.lake/build/lib:/home/pierre/git/software/provenance-lean-anonymous/.lake/packages/mathlib/.lake/build/lib:/home/pierre/git/software/provenance-lean-anonymous/.lake/packages/plausible/.lake/build/lib:/home/pierre/git/software/provenance-lean-anonymous/.lake/packages/LeanSearchClient/.lake/build/lib:/home/pierre/git/software/provenance-lean-anonymous/.lake/packages/importGraph/.lake/build/lib:/home/pierre/git/software/provenance-lean-anonymous/.lake/packages/proofwidgets/.lake/build/lib:/home/pierre/git/software/provenance-lean-anonymous/.lake/packages/aesop/.lake/build/lib:/home/pierre/git/software/provenance-lean-anonymous/.lake/packages/Qq/.lake/build/lib:/home/pierre/git/software/provenance-lean-anonymous/.lake/packages/batteries/.lake/build/lib /home/pierre/git/software/provenance-lean-anonymous/.lake/packages/doc-gen4/.lake/build/bin/doc-gen4 single --build /home/pierre/git/software/provenance-lean-anonymous/docbuild/.lake/build Mathlib.Tactic.Common https://github.com/leanprover-community/mathlib4/blob/e2e5306e7ec001e7684131ffab7bd26b0cce14b5/Mathlib/Tactic/Common.lean",
   "level": "trace"}],
 "inputs":
 [["<collection>",
   [["/home/pierre/git/software/provenance-lean-anonymous/docbuild/.lake/build/doc/Aesop.html",
     "9889b5da8783cf25"],
    ["/home/pierre/git/software/provenance-lean-anonymous/docbuild/.lake/build/doc/Qq.html",
     "1800ad799ba87af5"],
    ["/home/pierre/git/software/provenance-lean-anonymous/docbuild/.lake/build/doc/Plausible.html",
     "577bfc837b6ae8db"],
    ["/home/pierre/git/software/provenance-lean-anonymous/docbuild/.lake/build/doc/ImportGraph/Imports.html",
     "9686b9b83eb3fc2b"],
    ["/home/pierre/git/software/provenance-lean-anonymous/docbuild/.lake/build/doc/Batteries/Tactic/Basic.html",
     "78b2031bc436f013"],
    ["/home/pierre/git/software/provenance-lean-anonymous/docbuild/.lake/build/doc/Batteries/Tactic/Case.html",
     "8a3c3b2be541956a"],
    ["/home/pierre/git/software/provenance-lean-anonymous/docbuild/.lake/build/doc/Batteries/Tactic/HelpCmd.html",
     "b3d98a22f1652489"],
    ["/home/pierre/git/software/provenance-lean-anonymous/docbuild/.lake/build/doc/Batteries/Tactic/Alias.html",
     "4bb65f8343538c03"],
    ["/home/pierre/git/software/provenance-lean-anonymous/docbuild/.lake/build/doc/Batteries/Tactic/GeneralizeProofs.html",
     "3273a65229f14074"],
    ["/home/pierre/git/software/provenance-lean-anonymous/docbuild/.lake/build/doc/LeanSearchClient.html",
     "3f5c5d74c01b20a3"],
    ["/home/pierre/git/software/provenance-lean-anonymous/docbuild/.lake/build/doc/Mathlib/Tactic/Linter/Lint.html",
     "d326c90fa5ead2bb"],
    ["/home/pierre/git/software/provenance-lean-anonymous/docbuild/.lake/build/doc/Mathlib/Tactic/ApplyCongr.html",
     "ee20d6a78bf1c106"],
    ["/home/pierre/git/software/provenance-lean-anonymous/docbuild/.lake/build/doc/Mathlib/Tactic/ApplyAt.html",
     "f396ccba97900cef"],
    ["/home/pierre/git/software/provenance-lean-anonymous/docbuild/.lake/build/doc/Mathlib/Tactic/ApplyWith.html",
     "45a0b991414ceae1"],
    ["/home/pierre/git/software/provenance-lean-anonymous/docbuild/.lake/build/doc/Mathlib/Tactic/Basic.html",
     "a9dc0e7c3e0917d3"],
    ["/home/pierre/git/software/provenance-lean-anonymous/docbuild/.lake/build/doc/Mathlib/Tactic/ByCases.html",
     "9c1c8e90e58e9549"],
    ["/home/pierre/git/software/provenance-lean-anonymous/docbuild/.lake/build/doc/Mathlib/Tactic/ByContra.html",
     "69534fc0d8ef75c0"],
    ["/home/pierre/git/software/provenance-lean-anonymous/docbuild/.lake/build/doc/Mathlib/Tactic/CasesM.html",
     "2312932ae9915adb"],
    ["/home/pierre/git/software/provenance-lean-anonymous/docbuild/.lake/build/doc/Mathlib/Tactic/Check.html",
     "ba850e4fc2ca5f93"],
    ["/home/pierre/git/software/provenance-lean-anonymous/docbuild/.lake/build/doc/Mathlib/Tactic/Choose.html",
     "340b4b5730f42093"],
    ["/home/pierre/git/software/provenance-lean-anonymous/docbuild/.lake/build/doc/Mathlib/Tactic/ClearExclamation.html",
     "d2db3c47cc224a04"],
    ["/home/pierre/git/software/provenance-lean-anonymous/docbuild/.lake/build/doc/Mathlib/Tactic/ClearExcept.html",
     "df9471fec21dc43d"],
    ["/home/pierre/git/software/provenance-lean-anonymous/docbuild/.lake/build/doc/Mathlib/Tactic/Clear_.html",
     "c4bf2ed79ceaaeb3"],
    ["/home/pierre/git/software/provenance-lean-anonymous/docbuild/.lake/build/doc/Mathlib/Tactic/Coe.html",
     "83e3a50ea0e8057c"],
    ["/home/pierre/git/software/provenance-lean-anonymous/docbuild/.lake/build/doc/Mathlib/Tactic/CongrExclamation.html",
     "8046160728905b9b"],
    ["/home/pierre/git/software/provenance-lean-anonymous/docbuild/.lake/build/doc/Mathlib/Tactic/CongrM.html",
     "c90551e65a66130c"],
    ["/home/pierre/git/software/provenance-lean-anonymous/docbuild/.lake/build/doc/Mathlib/Tactic/Constructor.html",
     "fbb773d49c173b92"],
    ["/home/pierre/git/software/provenance-lean-anonymous/docbuild/.lake/build/doc/Mathlib/Tactic/Contrapose.html",
     "1e75c1a59aa6aca1"],
    ["/home/pierre/git/software/provenance-lean-anonymous/docbuild/.lake/build/doc/Mathlib/Tactic/Conv.html",
     "45af0fce94e80dd4"],
    ["/home/pierre/git/software/provenance-lean-anonymous/docbuild/.lake/build/doc/Mathlib/Tactic/Convert.html",
     "495937932046b6f1"],
    ["/home/pierre/git/software/provenance-lean-anonymous/docbuild/.lake/build/doc/Mathlib/Tactic/DefEqTransformations.html",
     "718eb9d6668b5ad9"],
    ["/home/pierre/git/software/provenance-lean-anonymous/docbuild/.lake/build/doc/Mathlib/Tactic/DeprecateTo.html",
     "8456426d8cd65d23"],
    ["/home/pierre/git/software/provenance-lean-anonymous/docbuild/.lake/build/doc/Mathlib/Tactic/ErwQuestion.html",
     "34e39b86243d0423"],
    ["/home/pierre/git/software/provenance-lean-anonymous/docbuild/.lake/build/doc/Mathlib/Tactic/Eqns.html",
     "7945d79e76ed5ac9"],
    ["/home/pierre/git/software/provenance-lean-anonymous/docbuild/.lake/build/doc/Mathlib/Tactic/ExistsI.html",
     "71c2507397bc60a0"],
    ["/home/pierre/git/software/provenance-lean-anonymous/docbuild/.lake/build/doc/Mathlib/Tactic/ExtractGoal.html",
     "9e923190f822745c"],
    ["/home/pierre/git/software/provenance-lean-anonymous/docbuild/.lake/build/doc/Mathlib/Tactic/FailIfNoProgress.html",
     "e459602590205c35"],
    ["/home/pierre/git/software/provenance-lean-anonymous/docbuild/.lake/build/doc/Mathlib/Tactic/Find.html",
     "d2e87f188260e523"],
    ["/home/pierre/git/software/provenance-lean-anonymous/docbuild/.lake/build/doc/Mathlib/Tactic/FunProp.html",
     "85735ffbd7945041"],
    ["/home/pierre/git/software/provenance-lean-anonymous/docbuild/.lake/build/doc/Mathlib/Tactic/GCongr.html",
     "2d5977e88832f934"],
    ["/home/pierre/git/software/provenance-lean-anonymous/docbuild/.lake/build/doc/Mathlib/Tactic/GRewrite.html",
     "64528a42591e6656"],
    ["/home/pierre/git/software/provenance-lean-anonymous/docbuild/.lake/build/doc/Mathlib/Tactic/GuardGoalNums.html",
     "306ba91b71c9c95e"],
    ["/home/pierre/git/software/provenance-lean-anonymous/docbuild/.lake/build/doc/Mathlib/Tactic/GuardHypNums.html",
     "371f9590fbe0309e"],
    ["/home/pierre/git/software/provenance-lean-anonymous/docbuild/.lake/build/doc/Mathlib/Tactic/HigherOrder.html",
     "40a00b4009eb4fda"],
    ["/home/pierre/git/software/provenance-lean-anonymous/docbuild/.lake/build/doc/Mathlib/Tactic/Hint.html",
     "41e1b9298eb0f18d"],
    ["/home/pierre/git/software/provenance-lean-anonymous/docbuild/.lake/build/doc/Mathlib/Tactic/InferParam.html",
     "3560d488293d1c08"],
    ["/home/pierre/git/software/provenance-lean-anonymous/docbuild/.lake/build/doc/Mathlib/Tactic/Inhabit.html",
     "13733dc62ef78609"],
    ["/home/pierre/git/software/provenance-lean-anonymous/docbuild/.lake/build/doc/Mathlib/Tactic/IrreducibleDef.html",
     "6612ded4fedfda8d"],
    ["/home/pierre/git/software/provenance-lean-anonymous/docbuild/.lake/build/doc/Mathlib/Tactic/Lift.html",
     "e01fa6555ddabad5"],
    ["/home/pierre/git/software/provenance-lean-anonymous/docbuild/.lake/build/doc/Mathlib/Tactic/Linter.html",
     "e0e2837314dc9a71"],
    ["/home/pierre/git/software/provenance-lean-anonymous/docbuild/.lake/build/doc/Mathlib/Tactic/MkIffOfInductiveProp.html",
     "06e3043603e9b130"],
    ["/home/pierre/git/software/provenance-lean-anonymous/docbuild/.lake/build/doc/Mathlib/Tactic/NthRewrite.html",
     "a7b14e3ebd0a15ce"],
    ["/home/pierre/git/software/provenance-lean-anonymous/docbuild/.lake/build/doc/Mathlib/Tactic/Observe.html",
     "3f5864244912879a"],
    ["/home/pierre/git/software/provenance-lean-anonymous/docbuild/.lake/build/doc/Mathlib/Tactic/OfNat.html",
     "414c89154f2bcea0"],
    ["/home/pierre/git/software/provenance-lean-anonymous/docbuild/.lake/build/doc/Mathlib/Tactic/Propose.html",
     "56257d34d4a79e04"],
    ["/home/pierre/git/software/provenance-lean-anonymous/docbuild/.lake/build/doc/Mathlib/Tactic/Push.html",
     "e2774650d20d1de3"],
    ["/home/pierre/git/software/provenance-lean-anonymous/docbuild/.lake/build/doc/Mathlib/Tactic/RSuffices.html",
     "9e511cb2a83a03ba"],
    ["/home/pierre/git/software/provenance-lean-anonymous/docbuild/.lake/build/doc/Mathlib/Tactic/Recover.html",
     "b4a88d4f4d9f9475"],
    ["/home/pierre/git/software/provenance-lean-anonymous/docbuild/.lake/build/doc/Mathlib/Tactic/Relation/Rfl.html",
     "7e98d7fd4687c550"],
    ["/home/pierre/git/software/provenance-lean-anonymous/docbuild/.lake/build/doc/Mathlib/Tactic/Rename.html",
     "32e5d9c8fb906a5b"],
    ["/home/pierre/git/software/provenance-lean-anonymous/docbuild/.lake/build/doc/Mathlib/Tactic/RenameBVar.html",
     "db02c189abc6f9da"],
    ["/home/pierre/git/software/provenance-lean-anonymous/docbuild/.lake/build/doc/Mathlib/Tactic/Says.html",
     "cc4c7f2200e1c8a4"],
    ["/home/pierre/git/software/provenance-lean-anonymous/docbuild/.lake/build/doc/Mathlib/Tactic/ScopedNS.html",
     "9c7ba94a2918da97"],
    ["/home/pierre/git/software/provenance-lean-anonymous/docbuild/.lake/build/doc/Mathlib/Tactic/Set.html",
     "c449bc869e67724b"],
    ["/home/pierre/git/software/provenance-lean-anonymous/docbuild/.lake/build/doc/Mathlib/Tactic/SimpIntro.html",
     "956b46e52d0515f7"],
    ["/home/pierre/git/software/provenance-lean-anonymous/docbuild/.lake/build/doc/Mathlib/Tactic/SimpRw.html",
     "85eb3c1bdfb4308d"],
    ["/home/pierre/git/software/provenance-lean-anonymous/docbuild/.lake/build/doc/Mathlib/Tactic/Simps/Basic.html",
     "e8c2f6d2c30db70b"],
    ["/home/pierre/git/software/provenance-lean-anonymous/docbuild/.lake/build/doc/Mathlib/Tactic/SplitIfs.html",
     "93166a33a9e4c1f7"],
    ["/home/pierre/git/software/provenance-lean-anonymous/docbuild/.lake/build/doc/Mathlib/Tactic/Spread.html",
     "374625ab35bd38df"],
    ["/home/pierre/git/software/provenance-lean-anonymous/docbuild/.lake/build/doc/Mathlib/Tactic/Subsingleton.html",
     "1092877b6e1b8c0a"],
    ["/home/pierre/git/software/provenance-lean-anonymous/docbuild/.lake/build/doc/Mathlib/Tactic/Substs.html",
     "c4bd404c63dd94ea"],
    ["/home/pierre/git/software/provenance-lean-anonymous/docbuild/.lake/build/doc/Mathlib/Tactic/SuccessIfFailWithMsg.html",
     "f3a6bf267557a554"],
    ["/home/pierre/git/software/provenance-lean-anonymous/docbuild/.lake/build/doc/Mathlib/Tactic/SudoSetOption.html",
     "6706bf97fe3c520b"],
    ["/home/pierre/git/software/provenance-lean-anonymous/docbuild/.lake/build/doc/Mathlib/Tactic/SwapVar.html",
     "347361c007d42de0"],
    ["/home/pierre/git/software/provenance-lean-anonymous/docbuild/.lake/build/doc/Mathlib/Tactic/Tauto.html",
     "7fea1c6db05914cd"],
    ["/home/pierre/git/software/provenance-lean-anonymous/docbuild/.lake/build/doc/Mathlib/Tactic/TermCongr.html",
     "172f4ee98e9e23c7"],
    ["/home/pierre/git/software/provenance-lean-anonymous/docbuild/.lake/build/doc/Mathlib/Tactic/ToExpr.html",
     "0e363cf00a11bf87"],
    ["/home/pierre/git/software/provenance-lean-anonymous/docbuild/.lake/build/doc/Mathlib/Tactic/ToLevel.html",
     "7b35a430ff41ffe3"],
    ["/home/pierre/git/software/provenance-lean-anonymous/docbuild/.lake/build/doc/Mathlib/Tactic/Trace.html",
     "49dd1daf03bf8212"],
    ["/home/pierre/git/software/provenance-lean-anonymous/docbuild/.lake/build/doc/Mathlib/Tactic/TypeCheck.html",
     "08d759b7e369f958"],
    ["/home/pierre/git/software/provenance-lean-anonymous/docbuild/.lake/build/doc/Mathlib/Tactic/UnsetOption.html",
     "5408f5b811c2a3a8"],
    ["/home/pierre/git/software/provenance-lean-anonymous/docbuild/.lake/build/doc/Mathlib/Tactic/Use.html",
     "a63def5289f18123"],
    ["/home/pierre/git/software/provenance-lean-anonymous/docbuild/.lake/build/doc/Mathlib/Tactic/Variable.html",
     "6ac79c54b24d2b23"],
    ["/home/pierre/git/software/provenance-lean-anonymous/docbuild/.lake/build/doc/Mathlib/Tactic/Widget/Calc.html",
     "428a52060234529c"],
    ["/home/pierre/git/software/provenance-lean-anonymous/docbuild/.lake/build/doc/Mathlib/Tactic/Widget/CongrM.html",
     "2b44c056affcaa81"],
    ["/home/pierre/git/software/provenance-lean-anonymous/docbuild/.lake/build/doc/Mathlib/Tactic/Widget/Conv.html",
     "39e227ba14c78093"],
    ["/home/pierre/git/software/provenance-lean-anonymous/docbuild/.lake/build/doc/Mathlib/Tactic/Widget/LibraryRewrite.html",
     "304f92fb6994a3cf"],
    ["/home/pierre/git/software/provenance-lean-anonymous/docbuild/.lake/build/doc/Mathlib/Tactic/WLOG.html",
     "0b6c4ca38d0dc0f6"],
    ["/home/pierre/git/software/provenance-lean-anonymous/docbuild/.lake/build/doc/Mathlib/Util/AssertExists.html",
     "032a02d761595eb9"],
    ["/home/pierre/git/software/provenance-lean-anonymous/docbuild/.lake/build/doc/Mathlib/Util/CountHeartbeats.html",
     "39d7840b77034f90"],
    ["/home/pierre/git/software/provenance-lean-anonymous/docbuild/.lake/build/doc/Mathlib/Util/PrintSorries.html",
     "80312542133209cd"],
    ["/home/pierre/git/software/provenance-lean-anonymous/docbuild/.lake/build/doc/Mathlib/Util/TransImports.html",
     "7aa0082e760c726a"],
    ["/home/pierre/git/software/provenance-lean-anonymous/docbuild/.lake/build/doc/Mathlib/Util/WhatsNew.html",
     "d96e52aa53378113"]]],
  ["/home/pierre/git/software/provenance-lean-anonymous/docbuild/.lake/build/doc-data/references.json",
   "4fee8c6c6dc01462"],
  ["/home/pierre/git/software/provenance-lean-anonymous/.lake/packages/doc-gen4/.lake/build/bin/doc-gen4",
   "0bfc8d20d58b8b1e"],
  ["Mathlib.Tactic.Common:leanArts", "625bb637e1719bab"]],
 "depHash": "2d46fbe8e57bd3ec"}