{"synthetic": false,
 "schemaVersion": "2025-09-10",
 "outputs": null,
 "log":
 [{"message":
   ".> ELAN=elan ELAN_HOME=/home/pierre/.elan ELAN_TOOLCHAIN=leanprover/lean4:v4.26.0-rc2 LAKE=/home/pierre/.elan/toolchains/leanprover--lean4---v4.26.0-rc2/bin/lake LAKE_HOME=/home/pierre/.elan/toolchains/leanprover--lean4---v4.26.0-rc2 LAKE_PKG_URL_MAP={} LAKE_NO_CACHE=false LAKE_ARTIFACT_CACHE=false LAKE_CACHE_KEY= LAKE_CACHE_ARTIFACT_ENDPOINT= LAKE_CACHE_REVISION_ENDPOINT= LEAN=/home/pierre/.elan/toolchains/leanprover--lean4---v4.26.0-rc2/bin/lean LEAN_SYSROOT=/home/pierre/.elan/toolchains/leanprover--lean4---v4.26.0-rc2 LEAN_AR=/home/pierre/.elan/toolchains/leanprover--lean4---v4.26.0-rc2/bin/llvm-ar LEAN_CC= LAKE_CACHE_DIR=/home/pierre/.elan/toolchains/leanprover--lean4---v4.26.0-rc2/lake/cache LEAN_PATH=/home/pierre/git/software/provenance-lean-anonymous/.lake/packages/batteries/.lake/build/lib/lean:/home/pierre/git/software/provenance-lean-anonymous/.lake/packages/Qq/.lake/build/lib/lean:/home/pierre/git/software/provenance-lean-anonymous/.lake/packages/aesop/.lake/build/lib/lean:/home/pierre/git/software/provenance-lean-anonymous/.lake/packages/proofwidgets/.lake/build/lib/lean:/home/pierre/git/software/provenance-lean-anonymous/.lake/packages/importGraph/.lake/build/lib/lean:/home/pierre/git/software/provenance-lean-anonymous/.lake/packages/LeanSearchClient/.lake/build/lib/lean:/home/pierre/git/software/provenance-lean-anonymous/.lake/packages/plausible/.lake/build/lib/lean:/home/pierre/git/software/provenance-lean-anonymous/.lake/packages/mathlib/.lake/build/lib/lean:/home/pierre/git/software/provenance-lean-anonymous/.lake/packages/MD4Lean/.lake/build/lib/lean:/home/pierre/git/software/provenance-lean-anonymous/.lake/packages/BibtexQuery/.lake/build/lib/lean:/home/pierre/git/software/provenance-lean-anonymous/.lake/packages/UnicodeBasic/.lake/build/lib/lean:/home/pierre/git/software/provenance-lean-anonymous/.lake/packages/Cli/.lake/build/lib/lean:/home/pierre/git/software/provenance-lean-anonymous/.lake/build/lib/lean:/home/pierre/git/software/provenance-lean-anonymous/.lake/packages/doc-gen4/.lake/build/lib/lean:/home/pierre/git/software/provenance-lean-anonymous/docbuild/.lake/build/lib/lean:/home/pierre/.elan/toolchains/leanprover--lean4---v4.26.0-rc2/lib/lean LEAN_SRC_PATH=/home/pierre/git/software/provenance-lean-anonymous/.lake/packages/batteries:/home/pierre/git/software/provenance-lean-anonymous/.lake/packages/batteries:/home/pierre/git/software/provenance-lean-anonymous/.lake/packages/Qq:/home/pierre/git/software/provenance-lean-anonymous/.lake/packages/Qq:/home/pierre/git/software/provenance-lean-anonymous/.lake/packages/aesop:/home/pierre/git/software/provenance-lean-anonymous/.lake/packages/aesop:/home/pierre/git/software/provenance-lean-anonymous/.lake/packages/proofwidgets:/home/pierre/git/software/provenance-lean-anonymous/.lake/packages/proofwidgets:/home/pierre/git/software/provenance-lean-anonymous/.lake/packages/importGraph:/home/pierre/git/software/provenance-lean-anonymous/.lake/packages/importGraph:/home/pierre/git/software/provenance-lean-anonymous/.lake/packages/LeanSearchClient:/home/pierre/git/software/provenance-lean-anonymous/.lake/packages/LeanSearchClient:/home/pierre/git/software/provenance-lean-anonymous/.lake/packages/plausible:/home/pierre/git/software/provenance-lean-anonymous/.lake/packages/plausible:/home/pierre/git/software/provenance-lean-anonymous/.lake/packages/mathlib:/home/pierre/git/software/provenance-lean-anonymous/.lake/packages/mathlib:/home/pierre/git/software/provenance-lean-anonymous/.lake/packages/mathlib:/home/pierre/git/software/provenance-lean-anonymous/.lake/packages/mathlib:/home/pierre/git/software/provenance-lean-anonymous/.lake/packages/mathlib:/home/pierre/git/software/provenance-lean-anonymous/.lake/packages/mathlib:/home/pierre/git/software/provenance-lean-anonymous/.lake/packages/mathlib:/home/pierre/git/software/provenance-lean-anonymous/.lake/packages/MD4Lean:/home/pierre/git/software/provenance-lean-anonymous/.lake/packages/MD4Lean:/home/pierre/git/software/provenance-lean-anonymous/.lake/packages/BibtexQuery:/home/pierre/git/software/provenance-lean-anonymous/.lake/packages/UnicodeBasic:/home/pierre/git/software/provenance-lean-anonymous/.lake/packages/UnicodeBasic:/home/pierre/git/software/provenance-lean-anonymous/.lake/packages/Cli:/home/pierre/git/software/provenance-lean-anonymous/.lake/packages/Cli:/home/pierre/git/software/provenance-lean-anonymous:/home/pierre/git/software/provenance-lean-anonymous/.lake/packages/doc-gen4:/home/pierre/.elan/toolchains/leanprover--lean4---v4.26.0-rc2/src/lean/lake LEAN_GITHASH=9d4ad1273f6cea397c3066c2c83062a4410d16bf PATH LD_LIBRARY_PATH=/home/pierre/.elan/toolchains/leanprover--lean4---v4.26.0-rc2/lib/lean:/home/pierre/.elan/toolchains/leanprover--lean4---v4.26.0-rc2/lib:/home/pierre/git/software/provenance-lean-anonymous/docbuild/.lake/build/lib:/home/pierre/git/software/provenance-lean-anonymous/.lake/packages/doc-gen4/.lake/build/lib:/home/pierre/git/software/provenance-lean-anonymous/.lake/build/lib:/home/pierre/git/software/provenance-lean-anonymous/.lake/packages/Cli/.lake/build/lib:/home/pierre/git/software/provenance-lean-anonymous/.lake/packages/UnicodeBasic/.lake/build/lib:/home/pierre/git/software/provenance-lean-anonymous/.lake/packages/BibtexQuery/.lake/build/lib:/home/pierre/git/software/provenance-lean-anonymous/.lake/packages/MD4Lean/.lake/build/lib:/home/pierre/git/software/provenance-lean-anonymous/.lake/packages/mathlib/.lake/build/lib:/home/pierre/git/software/provenance-lean-anonymous/.lake/packages/plausible/.lake/build/lib:/home/pierre/git/software/provenance-lean-anonymous/.lake/packages/LeanSearchClient/.lake/build/lib:/home/pierre/git/software/provenance-lean-anonymous/.lake/packages/importGraph/.lake/build/lib:/home/pierre/git/software/provenance-lean-anonymous/.lake/packages/proofwidgets/.lake/build/lib:/home/pierre/git/software/provenance-lean-anonymous/.lake/packages/aesop/.lake/build/lib:/home/pierre/git/software/provenance-lean-anonymous/.lake/packages/Qq/.lake/build/lib:/home/pierre/git/software/provenance-lean-anonymous/.lake/packages/batteries/.lake/build/lib /home/pierre/git/software/provenance-lean-anonymous/.lake/packages/doc-gen4/.lake/build/bin/doc-gen4 single --build /home/pierre/git/software/provenance-lean-anonymous/docbuild/.lake/build Mathlib.Algebra.BigOperators.Finsupp.Basic https://github.com/leanprover-community/mathlib4/blob/e2e5306e7ec001e7684131ffab7bd26b0cce14b5/Mathlib/Algebra/BigOperators/Finsupp/Basic.lean",
   "level": "trace"}],
 "inputs":
 [["<collection>",
   [["/home/pierre/git/software/provenance-lean-anonymous/docbuild/.lake/build/doc/Mathlib/Algebra/BigOperators/Group/Finset/Sigma.html",
     "4351d61fe34e7bc7"],
    ["/home/pierre/git/software/provenance-lean-anonymous/docbuild/.lake/build/doc/Mathlib/Algebra/BigOperators/Pi.html",
     "156d86a29bc1ab8b"],
    ["/home/pierre/git/software/provenance-lean-anonymous/docbuild/.lake/build/doc/Mathlib/Algebra/BigOperators/Ring/Finset.html",
     "f4383fa7519a4970"],
    ["/home/pierre/git/software/provenance-lean-anonymous/docbuild/.lake/build/doc/Mathlib/Algebra/Group/Submonoid/BigOperators.html",
     "98845a591aa37e3d"],
    ["/home/pierre/git/software/provenance-lean-anonymous/docbuild/.lake/build/doc/Mathlib/Data/Finsupp/Ext.html",
     "fb6d41f06761722b"],
    ["/home/pierre/git/software/provenance-lean-anonymous/docbuild/.lake/build/doc/Mathlib/Data/Finsupp/Indicator.html",
     "ca9d0a486b030400"]]],
  ["/home/pierre/git/software/provenance-lean-anonymous/docbuild/.lake/build/doc-data/references.json",
   "4fee8c6c6dc01462"],
  ["/home/pierre/git/software/provenance-lean-anonymous/.lake/packages/doc-gen4/.lake/build/bin/doc-gen4",
   "0bfc8d20d58b8b1e"],
  ["Mathlib.Algebra.BigOperators.Finsupp.Basic:leanArts", "52fb9cc9183f0095"]],
 "depHash": "1cf733f81be5c85b"}