{"synthetic": false,
 "schemaVersion": "2025-09-10",
 "outputs": null,
 "log":
 [{"message": "Documentation indexing", "level": "info"},
  {"message":
   ".> /home/pierre/git/software/provenance-lean-anonymous/.lake/packages/doc-gen4/.lake/build/bin/doc-gen4 index --build /home/pierre/git/software/provenance-lean-anonymous/docbuild/.lake/build",
   "level": "trace"}],
 "inputs":
 [["/home/pierre/git/software/provenance-lean-anonymous/.lake/packages/doc-gen4/.lake/build/bin/doc-gen4",
   "0bfc8d20d58b8b1e"],
  ["<nil>", "0cb9b4c0f8c6b2da"],
  ["<collection>",
   [["/home/pierre/git/software/provenance-lean-anonymous/docbuild/.lake/build/doc/Provenance/SemiringWithMonus.html",
     "625d3d9305488c60"],
    ["/home/pierre/git/software/provenance-lean-anonymous/docbuild/.lake/build/doc/Provenance/Semirings/BoolFunc.html",
     "e48c4062c475c808"],
    ["/home/pierre/git/software/provenance-lean-anonymous/docbuild/.lake/build/doc/Provenance/Semirings/Bool.html",
     "aad62ff1add1fb8c"],
    ["/home/pierre/git/software/provenance-lean-anonymous/docbuild/.lake/build/doc/Provenance/Semirings/Nat.html",
     "c90cba6588274ed1"],
    ["/home/pierre/git/software/provenance-lean-anonymous/docbuild/.lake/build/doc/Provenance/Semirings/How.html",
     "2e26bdee7742a21e"],
    ["/home/pierre/git/software/provenance-lean-anonymous/docbuild/.lake/build/doc/Provenance/Semirings/Lukasiewicz.html",
     "c721c1a0fb7f5dab"],
    ["/home/pierre/git/software/provenance-lean-anonymous/docbuild/.lake/build/doc/Provenance/Semirings/MinMax.html",
     "8d08738832349394"],
    ["/home/pierre/git/software/provenance-lean-anonymous/docbuild/.lake/build/doc/Provenance/Semirings/Tropical.html",
     "8ae100385e41d06a"],
    ["/home/pierre/git/software/provenance-lean-anonymous/docbuild/.lake/build/doc/Provenance/Semirings/Viterbi.html",
     "1e23928c5e639a00"],
    ["/home/pierre/git/software/provenance-lean-anonymous/docbuild/.lake/build/doc/Provenance/Semirings/Which.html",
     "e57f93e4d013d134"],
    ["/home/pierre/git/software/provenance-lean-anonymous/docbuild/.lake/build/doc/Provenance/Semirings/Why.html",
     "b03898e1bf808a99"],
    ["/home/pierre/git/software/provenance-lean-anonymous/docbuild/.lake/build/doc/Provenance.html",
     "74efcdf515139f50"]]]],
 "depHash": "ae57b8a39fd715ef"}