{"synthetic": false,
 "schemaVersion": "2025-09-10",
 "outputs": null,
 "log":
 [{"message":
   ".> ELAN=elan ELAN_HOME=/home/pierre/.elan ELAN_TOOLCHAIN=leanprover/lean4:v4.26.0-rc2 LAKE=/home/pierre/.elan/toolchains/leanprover--lean4---v4.26.0-rc2/bin/lake LAKE_HOME=/home/pierre/.elan/toolchains/leanprover--lean4---v4.26.0-rc2 LAKE_PKG_URL_MAP={} LAKE_NO_CACHE=false LAKE_ARTIFACT_CACHE=false LAKE_CACHE_KEY= LAKE_CACHE_ARTIFACT_ENDPOINT= LAKE_CACHE_REVISION_ENDPOINT= LEAN=/home/pierre/.elan/toolchains/leanprover--lean4---v4.26.0-rc2/bin/lean LEAN_SYSROOT=/home/pierre/.elan/toolchains/leanprover--lean4---v4.26.0-rc2 LEAN_AR=/home/pierre/.elan/toolchains/leanprover--lean4---v4.26.0-rc2/bin/llvm-ar LEAN_CC= LAKE_CACHE_DIR=/home/pierre/.elan/toolchains/leanprover--lean4---v4.26.0-rc2/lake/cache LEAN_PATH=/home/pierre/git/software/provenance-lean-anonymous/.lake/packages/batteries/.lake/build/lib/lean:/home/pierre/git/software/provenance-lean-anonymous/.lake/packages/Qq/.lake/build/lib/lean:/home/pierre/git/software/provenance-lean-anonymous/.lake/packages/aesop/.lake/build/lib/lean:/home/pierre/git/software/provenance-lean-anonymous/.lake/packages/proofwidgets/.lake/build/lib/lean:/home/pierre/git/software/provenance-lean-anonymous/.lake/packages/importGraph/.lake/build/lib/lean:/home/pierre/git/software/provenance-lean-anonymous/.lake/packages/LeanSearchClient/.lake/build/lib/lean:/home/pierre/git/software/provenance-lean-anonymous/.lake/packages/plausible/.lake/build/lib/lean:/home/pierre/git/software/provenance-lean-anonymous/.lake/packages/mathlib/.lake/build/lib/lean:/home/pierre/git/software/provenance-lean-anonymous/.lake/packages/MD4Lean/.lake/build/lib/lean:/home/pierre/git/software/provenance-lean-anonymous/.lake/packages/BibtexQuery/.lake/build/lib/lean:/home/pierre/git/software/provenance-lean-anonymous/.lake/packages/UnicodeBasic/.lake/build/lib/lean:/home/pierre/git/software/provenance-lean-anonymous/.lake/packages/Cli/.lake/build/lib/lean:/home/pierre/git/software/provenance-lean-anonymous/.lake/build/lib/lean:/home/pierre/git/software/provenance-lean-anonymous/.lake/packages/doc-gen4/.lake/build/lib/lean:/home/pierre/git/software/provenance-lean-anonymous/docbuild/.lake/build/lib/lean:/home/pierre/.elan/toolchains/leanprover--lean4---v4.26.0-rc2/lib/lean LEAN_SRC_PATH=/home/pierre/git/software/provenance-lean-anonymous/.lake/packages/batteries:/home/pierre/git/software/provenance-lean-anonymous/.lake/packages/batteries:/home/pierre/git/software/provenance-lean-anonymous/.lake/packages/Qq:/home/pierre/git/software/provenance-lean-anonymous/.lake/packages/Qq:/home/pierre/git/software/provenance-lean-anonymous/.lake/packages/aesop:/home/pierre/git/software/provenance-lean-anonymous/.lake/packages/aesop:/home/pierre/git/software/provenance-lean-anonymous/.lake/packages/proofwidgets:/home/pierre/git/software/provenance-lean-anonymous/.lake/packages/proofwidgets:/home/pierre/git/software/provenance-lean-anonymous/.lake/packages/importGraph:/home/pierre/git/software/provenance-lean-anonymous/.lake/packages/importGraph:/home/pierre/git/software/provenance-lean-anonymous/.lake/packages/LeanSearchClient:/home/pierre/git/software/provenance-lean-anonymous/.lake/packages/LeanSearchClient:/home/pierre/git/software/provenance-lean-anonymous/.lake/packages/plausible:/home/pierre/git/software/provenance-lean-anonymous/.lake/packages/plausible:/home/pierre/git/software/provenance-lean-anonymous/.lake/packages/mathlib:/home/pierre/git/software/provenance-lean-anonymous/.lake/packages/mathlib:/home/pierre/git/software/provenance-lean-anonymous/.lake/packages/mathlib:/home/pierre/git/software/provenance-lean-anonymous/.lake/packages/mathlib:/home/pierre/git/software/provenance-lean-anonymous/.lake/packages/mathlib:/home/pierre/git/software/provenance-lean-anonymous/.lake/packages/mathlib:/home/pierre/git/software/provenance-lean-anonymous/.lake/packages/mathlib:/home/pierre/git/software/provenance-lean-anonymous/.lake/packages/MD4Lean:/home/pierre/git/software/provenance-lean-anonymous/.lake/packages/MD4Lean:/home/pierre/git/software/provenance-lean-anonymous/.lake/packages/BibtexQuery:/home/pierre/git/software/provenance-lean-anonymous/.lake/packages/UnicodeBasic:/home/pierre/git/software/provenance-lean-anonymous/.lake/packages/UnicodeBasic:/home/pierre/git/software/provenance-lean-anonymous/.lake/packages/Cli:/home/pierre/git/software/provenance-lean-anonymous/.lake/packages/Cli:/home/pierre/git/software/provenance-lean-anonymous:/home/pierre/git/software/provenance-lean-anonymous/.lake/packages/doc-gen4:/home/pierre/.elan/toolchains/leanprover--lean4---v4.26.0-rc2/src/lean/lake LEAN_GITHASH=9d4ad1273f6cea397c3066c2c83062a4410d16bf PATH LD_LIBRARY_PATH=/home/pierre/.elan/toolchains/leanprover--lean4---v4.26.0-rc2/lib/lean:/home/pierre/.elan/toolchains/leanprover--lean4---v4.26.0-rc2/lib:/home/pierre/git/software/provenance-lean-anonymous/docbuild/.lake/build/lib:/home/pierre/git/software/provenance-lean-anonymous/.lake/packages/doc-gen4/.lake/build/lib:/home/pierre/git/software/provenance-lean-anonymous/.lake/build/lib:/home/pierre/git/software/provenance-lean-anonymous/.lake/packages/Cli/.lake/build/lib:/home/pierre/git/software/provenance-lean-anonymous/.lake/packages/UnicodeBasic/.lake/build/lib:/home/pierre/git/software/provenance-lean-anonymous/.lake/packages/BibtexQuery/.lake/build/lib:/home/pierre/git/software/provenance-lean-anonymous/.lake/packages/MD4Lean/.lake/build/lib:/home/pierre/git/software/provenance-lean-anonymous/.lake/packages/mathlib/.lake/build/lib:/home/pierre/git/software/provenance-lean-anonymous/.lake/packages/plausible/.lake/build/lib:/home/pierre/git/software/provenance-lean-anonymous/.lake/packages/LeanSearchClient/.lake/build/lib:/home/pierre/git/software/provenance-lean-anonymous/.lake/packages/importGraph/.lake/build/lib:/home/pierre/git/software/provenance-lean-anonymous/.lake/packages/proofwidgets/.lake/build/lib:/home/pierre/git/software/provenance-lean-anonymous/.lake/packages/aesop/.lake/build/lib:/home/pierre/git/software/provenance-lean-anonymous/.lake/packages/Qq/.lake/build/lib:/home/pierre/git/software/provenance-lean-anonymous/.lake/packages/batteries/.lake/build/lib /home/pierre/git/software/provenance-lean-anonymous/.lake/packages/doc-gen4/.lake/build/bin/doc-gen4 single --build /home/pierre/git/software/provenance-lean-anonymous/docbuild/.lake/build Aesop.Forward.Match https://github.com/leanprover-community/aesop/blob/ea86e311a31a4dfa2abf3d7c0664b8c28499369e/Aesop/Forward/Match.lean",
   "level": "trace"}],
 "inputs":
 [["<collection>",
   [["/home/pierre/git/software/provenance-lean-anonymous/docbuild/.lake/build/doc/Aesop/Forward/Match/Types.html",
     "df48fc9c6ca7212b"],
    ["/home/pierre/git/software/provenance-lean-anonymous/docbuild/.lake/build/doc/Aesop/Forward/PremiseIndex.html",
     "7901d9267d38f9ac"],
    ["/home/pierre/git/software/provenance-lean-anonymous/docbuild/.lake/build/doc/Aesop/Forward/SlotIndex.html",
     "0ee7b84b0be8ad9a"],
    ["/home/pierre/git/software/provenance-lean-anonymous/docbuild/.lake/build/doc/Aesop/Rule.html",
     "aa314e22bc6f8070"],
    ["/home/pierre/git/software/provenance-lean-anonymous/docbuild/.lake/build/doc/Aesop/Rule/Forward.html",
     "b8d34fd91cae332c"],
    ["/home/pierre/git/software/provenance-lean-anonymous/docbuild/.lake/build/doc/Aesop/RuleTac/Descr.html",
     "615b1688a0244d1a"],
    ["/home/pierre/git/software/provenance-lean-anonymous/docbuild/.lake/build/doc/Aesop/RuleTac/ElabRuleTerm.html",
     "e5c246e044bc40b0"],
    ["/home/pierre/git/software/provenance-lean-anonymous/docbuild/.lake/build/doc/Aesop/RuleTac/Forward/Basic.html",
     "e5153388f394f319"],
    ["/home/pierre/git/software/provenance-lean-anonymous/docbuild/.lake/build/doc/Aesop/Script/SpecificTactics.html",
     "df06878b31562d3d"],
    ["/home/pierre/git/software/provenance-lean-anonymous/docbuild/.lake/build/doc/Batteries/Lean/Meta/UnusedNames.html",
     "2fec75abdc273cdf"]]],
  ["/home/pierre/git/software/provenance-lean-anonymous/docbuild/.lake/build/doc-data/references.json",
   "4fee8c6c6dc01462"],
  ["/home/pierre/git/software/provenance-lean-anonymous/.lake/packages/doc-gen4/.lake/build/bin/doc-gen4",
   "0bfc8d20d58b8b1e"],
  ["Aesop.Forward.Match:leanArts", "98d9cbbb5363bd59"]],
 "depHash": "32fc9cb7f040094f"}